EnumFontFamiliesExA						result: false
EnumFontFamiliesExW						result: false
EnumFontFamiliesA						result: false
EnumFontFamiliesW						result: false
EnumFontsA						result: false
EnumFontsW						result: false
EnumObjects						result: false
LineDDA						result: false
EnumMetaFile						result: false
EnumEnhMetaFile						result: false
CreateFontPackage						result: false
MergeFontPackage						result: false
TTEmbedFont						result: false
TTEmbedFontFromFileA						result: false
TTLoadEmbeddedFont						result: false
TTGetEmbeddedFontInfo						result: false
TTEmbedFontEx						result: false
DrawStateA						result: false
DrawStateW						result: false
EnumDisplayMonitors						result: true
mciSetYieldProc						result: false
mmDrvInstall						result: false
mmioInstallIOProcA						result: false
mmioInstallIOProcW						result: false
ICOpenFunction						result: true
SetWindowSubclass						result: false
GetWindowSubclass						result: false
RemoveWindowSubclass						result: false
SetupDiRegisterDeviceInfo						result: false
EnumCalendarInfoA						result: false
EnumCalendarInfoW						result: false
EnumCalendarInfoExA						result: false
EnumCalendarInfoExW						result: false
EnumTimeFormatsA						result: true
EnumTimeFormatsW						result: true
EnumDateFormatsA						result: true
EnumDateFormatsW						result: true
EnumDateFormatsExA						result: true
EnumDateFormatsExW						result: true
EnumSystemGeoID						result: true
EnumSystemGeoNames						result: true
EnumSystemLocalesA						result: true
EnumSystemLocalesW						result: true
EnumSystemLanguageGroupsA						result: true
EnumSystemLanguageGroupsW						result: true
EnumLanguageGroupLocalesA						result: false
EnumLanguageGroupLocalesW						result: false
EnumUILanguagesA						result: true
EnumUILanguagesW						result: true
EnumSystemCodePagesA						result: true
EnumSystemCodePagesW						result: true
EnumCalendarInfoExEx						result: false
EnumSystemLocalesEx						result: true
WSAAccept						result: false
SetAbortProc						result: false
SymFunctionTableAccess64AccessRoutines						result: false
SymEnumProcesses						result: false
EnumResourceLanguagesExA						result: false
EnumResourceLanguagesExW						result: false
EnumResourceNamesExA						result: false
EnumResourceNamesExW						result: false
EnumResourceTypesExA						result: true
EnumResourceTypesExW						result: true
EnumResourceNamesW						result: false
EnumResourceNamesA						result: false
EnumResourceTypesA						result: true
EnumResourceTypesW						result: true
EnumResourceLanguagesA						result: false
EnumResourceLanguagesW						result: false
SetWinEventHook						result: false
EnumICMProfilesA						result: false
EnumICMProfilesW						result: false
ImmEnumRegisterWordA						result: false
ImmEnumRegisterWordW						result: false
SendMessageCallbackA						result: false
SendMessageCallbackW						result: false
CallWindowProcA						result: true
CallWindowProcW						result: true
CreateDialogParamA						result: false
CreateDialogParamW						result: false
SetTimer						result: false
SetCoalescableTimer						result: false
EnumPropsExA						result: false
EnumPropsExW						result: false
EnumPropsA						result: false
EnumPropsW						result: false
EnumChildWindows						result: true
EnumWindows						result: true
EnumThreadWindows						result: true
SetWindowsHookA						result: true
SetWindowsHookW						result: true
UnhookWindowsHook						result: true
SetWindowsHookExA						result: true
SetWindowsHookExW						result: true
EnumDesktopWindows						result: true
